<?xml version="1.0" encoding="UTF-8"?>
<!-- Generated by org.testng.reporters.JUnitReportReporter -->
<testsuite skipped="0" hostname="DESKTOP-9K77OJE" name="TestCases.Hotelsearch" tests="1" failures="0" timestamp="06 Feb 2019 01:19:46 GMT" time="51.538" errors="0">
  <testcase name="CheapestHotel" time="51.538" classname="TestCases.Hotelsearch"/>
</testsuite> <!-- TestCases.Hotelsearch -->
